<?xml version="1.0" encoding="UTF-8"?>
<testsuite xmlns:xsi="http://www.w3.org/2001/XMLSchema-instance" xsi:noNamespaceSchemaLocation="https://maven.apache.org/surefire/maven-surefire-plugin/xsd/surefire-test-report-3.0.xsd" version="3.0" name="CSVPlayerRepositoryTest" time="1.214" tests="2" errors="0" skipped="0" failures="0">
  <properties>
[...]
</properties>
  <testcase name="testGetPlayers" classname="CSVPlayerRepositoryTest" time="0.615"/>
  <testcase name="testGetPlayer" classname="CSVPlayerRepositoryTest" time="0.528"/>
</testsuite>